<?xml version="1.0" encoding="UTF-8"?>
<!-- Generated by org.testng.reporters.JUnitXMLReporter -->
<testsuite ignored="0" hostname="Azamkhujas-MBP" failures="0" tests="3" name="TestNGFramework" time="25.897" errors="0" timestamp="2022-08-07T20:48:07 EDT">
  <testcase classname="com.codewithazam.testcases.LoginTest" name="emptyPasswordLogin" time="0.994"/>
  <testcase classname="com.codewithazam.testcases.LoginTest" name="invalidPasswordLogin" time="2.216"/>
  <testcase classname="com.codewithazam.testcases.LoginTest" name="validLogin" time="2.848"/>
</testsuite> <!-- TestNGFramework -->
