<?xml version="1.0" encoding="UTF-8"?>
<!-- Generated by org.testng.reporters.JUnitXMLReporter -->
<testsuite ignored="0" hostname="Azamkhujas-MBP" failures="0" tests="3" name="TestNGFramework" time="26.819" errors="0" timestamp="2022-08-08T00:47:14 EDT">
  <testcase classname="com.codewithazam.testcases.LoginTest" name="emptyPasswordLogin" time="0.832"/>
  <testcase classname="com.codewithazam.testcases.LoginTest" name="invalidPasswordLogin" time="2.238"/>
  <testcase classname="com.codewithazam.testcases.LoginTest" name="validLogin" time="2.755"/>
</testsuite> <!-- TestNGFramework -->
