<?xml version="1.0" encoding="UTF-8"?>
<!-- Generated by org.testng.reporters.JUnitXMLReporter -->
<testsuite ignored="0" hostname="Azamkhujas-MBP" failures="0" tests="3" name="Regression Test" time="28.388" errors="0" timestamp="2022-08-07T22:33:14 EDT">
  <testcase classname="com.codewithazam.testcases.LoginTest" name="emptyPasswordLogin" time="0.941"/>
  <testcase classname="com.codewithazam.testcases.LoginTest" name="invalidPasswordLogin" time="2.202"/>
  <testcase classname="com.codewithazam.testcases.LoginTest" name="validLogin" time="2.778"/>
</testsuite> <!-- Regression Test -->
