<?xml version="1.0" encoding="UTF-8"?>
<!-- Generated by org.testng.reporters.JUnitXMLReporter -->
<testsuite ignored="2" hostname="Azamkhujas-MBP" failures="0" tests="1" name="Smoke Test" time="16.034" errors="0" timestamp="2022-08-07T21:54:40 EDT">
  <testcase classname="com.codewithazam.testcases.LoginTest" name="validLogin" time="3.211"/>
  <testcase classname="com.codewithazam.testcases.LoginTest" name="emptyPasswordLogin" time="0.0">
    <ignored/>
  </testcase> <!-- emptyPasswordLogin -->
  <testcase classname="com.codewithazam.testcases.LoginTest" name="invalidPasswordLogin" time="0.0">
    <ignored/>
  </testcase> <!-- invalidPasswordLogin -->
</testsuite> <!-- Smoke Test -->
