<?xml version="1.0" encoding="UTF-8"?>
<!-- Generated by org.testng.reporters.JUnitXMLReporter -->
<testsuite ignored="0" hostname="Azamkhujas-MBP" failures="0" tests="3" name="Smoke Test" time="25.103" errors="0" timestamp="2022-08-07T20:49:53 EDT">
  <testcase classname="com.codewithazam.testcases.LoginTest" name="emptyPasswordLogin" time="0.915"/>
  <testcase classname="com.codewithazam.testcases.LoginTest" name="invalidPasswordLogin" time="2.31"/>
  <testcase classname="com.codewithazam.testcases.LoginTest" name="validLogin" time="2.817"/>
</testsuite> <!-- Smoke Test -->
