<?xml version="1.0" encoding="UTF-8"?>
<!-- Generated by org.testng.reporters.JUnitXMLReporter -->
<testsuite ignored="0" hostname="Azamkhujas-MBP" failures="0" tests="3" name="Regression Test" time="28.514" errors="0" timestamp="2022-08-07T22:01:44 EDT">
  <testcase classname="com.codewithazam.testcases.LoginTest" name="emptyPasswordLogin" time="0.956"/>
  <testcase classname="com.codewithazam.testcases.LoginTest" name="invalidPasswordLogin" time="2.227"/>
  <testcase classname="com.codewithazam.testcases.LoginTest" name="validLogin" time="2.83"/>
</testsuite> <!-- Regression Test -->
