<?xml version="1.0" encoding="UTF-8"?>
<testng-results ignored="0" total="3" passed="3" failed="0" skipped="0">
  <reporter-output>
  </reporter-output>
  <suite started-at="2022-08-07T22:32:46 EDT" name="Regression Suite" finished-at="2022-08-07T22:33:14 EDT" duration-ms="28388">
    <groups>
      <group name="regression">
        <method signature="LoginTest.emptyPasswordLogin()[pri:0, instance:com.codewithazam.testcases.LoginTest@4c1909a3]" name="emptyPasswordLogin" class="com.codewithazam.testcases.LoginTest"/>
        <method signature="LoginTest.invalidPasswordLogin()[pri:0, instance:com.codewithazam.testcases.LoginTest@4c1909a3]" name="invalidPasswordLogin" class="com.codewithazam.testcases.LoginTest"/>
        <method signature="LoginTest.validLogin()[pri:0, instance:com.codewithazam.testcases.LoginTest@4c1909a3]" name="validLogin" class="com.codewithazam.testcases.LoginTest"/>
      </group> <!-- regression -->
      <group name="smoke">
        <method signature="LoginTest.validLogin()[pri:0, instance:com.codewithazam.testcases.LoginTest@4c1909a3]" name="validLogin" class="com.codewithazam.testcases.LoginTest"/>
      </group> <!-- smoke -->
    </groups>
    <test started-at="2022-08-07T22:32:46 EDT" name="Regression Test" finished-at="2022-08-07T22:33:14 EDT" duration-ms="28388">
      <class name="com.codewithazam.testcases.LoginTest">
        <test-method is-config="true" signature="generateReport()[pri:0, instance:com.codewithazam.testcases.LoginTest@4c1909a3]" started-at="2022-08-07T22:32:46 EDT" name="generateReport" finished-at="2022-08-07T22:32:46 EDT" duration-ms="211" status="PASS">
          <reporter-output>
          </reporter-output>
        </test-method> <!-- generateReport -->
        <test-method is-config="true" signature="setUp()[pri:0, instance:com.codewithazam.testcases.LoginTest@4c1909a3]" started-at="2022-08-07T22:32:46 EDT" name="setUp" finished-at="2022-08-07T22:32:55 EDT" duration-ms="8610" status="PASS">
          <reporter-output>
          </reporter-output>
        </test-method> <!-- setUp -->
        <test-method signature="emptyPasswordLogin()[pri:0, instance:com.codewithazam.testcases.LoginTest@4c1909a3]" started-at="2022-08-07T22:32:55 EDT" name="emptyPasswordLogin" finished-at="2022-08-07T22:32:56 EDT" duration-ms="941" status="PASS">
          <reporter-output>
          </reporter-output>
        </test-method> <!-- emptyPasswordLogin -->
        <test-method is-config="true" signature="tearDown()[pri:0, instance:com.codewithazam.testcases.LoginTest@4c1909a3]" started-at="2022-08-07T22:32:56 EDT" name="tearDown" finished-at="2022-08-07T22:32:57 EDT" duration-ms="115" status="PASS">
          <reporter-output>
          </reporter-output>
        </test-method> <!-- tearDown -->
        <test-method is-config="true" signature="setUp()[pri:0, instance:com.codewithazam.testcases.LoginTest@4c1909a3]" started-at="2022-08-07T22:32:57 EDT" name="setUp" finished-at="2022-08-07T22:33:02 EDT" duration-ms="5114" status="PASS">
          <reporter-output>
          </reporter-output>
        </test-method> <!-- setUp -->
        <test-method signature="invalidPasswordLogin()[pri:0, instance:com.codewithazam.testcases.LoginTest@4c1909a3]" started-at="2022-08-07T22:33:02 EDT" name="invalidPasswordLogin" finished-at="2022-08-07T22:33:04 EDT" duration-ms="2202" status="PASS">
          <reporter-output>
          </reporter-output>
        </test-method> <!-- invalidPasswordLogin -->
        <test-method is-config="true" signature="tearDown()[pri:0, instance:com.codewithazam.testcases.LoginTest@4c1909a3]" started-at="2022-08-07T22:33:04 EDT" name="tearDown" finished-at="2022-08-07T22:33:04 EDT" duration-ms="115" status="PASS">
          <reporter-output>
          </reporter-output>
        </test-method> <!-- tearDown -->
        <test-method is-config="true" signature="setUp()[pri:0, instance:com.codewithazam.testcases.LoginTest@4c1909a3]" started-at="2022-08-07T22:33:04 EDT" name="setUp" finished-at="2022-08-07T22:33:10 EDT" duration-ms="5102" status="PASS">
          <reporter-output>
          </reporter-output>
        </test-method> <!-- setUp -->
        <test-method signature="validLogin()[pri:0, instance:com.codewithazam.testcases.LoginTest@4c1909a3]" started-at="2022-08-07T22:33:10 EDT" name="validLogin" finished-at="2022-08-07T22:33:12 EDT" duration-ms="2778" status="PASS">
          <reporter-output>
          </reporter-output>
        </test-method> <!-- validLogin -->
        <test-method is-config="true" signature="tearDown()[pri:0, instance:com.codewithazam.testcases.LoginTest@4c1909a3]" started-at="2022-08-07T22:33:14 EDT" name="tearDown" finished-at="2022-08-07T22:33:14 EDT" duration-ms="119" status="PASS">
          <reporter-output>
          </reporter-output>
        </test-method> <!-- tearDown -->
        <test-method is-config="true" signature="writeReport()[pri:0, instance:com.codewithazam.testcases.LoginTest@4c1909a3]" started-at="2022-08-07T22:33:14 EDT" name="writeReport" finished-at="2022-08-07T22:33:14 EDT" duration-ms="477" status="PASS">
          <reporter-output>
          </reporter-output>
        </test-method> <!-- writeReport -->
      </class> <!-- com.codewithazam.testcases.LoginTest -->
    </test> <!-- Regression Test -->
  </suite> <!-- Regression Suite -->
</testng-results>
