<?xml version="1.0" encoding="UTF-8"?>
<testng-results ignored="0" total="3" passed="3" failed="0" skipped="0">
  <reporter-output>
  </reporter-output>
  <suite started-at="2022-08-08T00:46:47 EDT" name="Default Suite" finished-at="2022-08-08T00:47:14 EDT" duration-ms="26819">
    <groups>
      <group name="regression">
        <method signature="LoginTest.emptyPasswordLogin()[pri:0, instance:com.codewithazam.testcases.LoginTest@3315d2d7]" name="emptyPasswordLogin" class="com.codewithazam.testcases.LoginTest"/>
        <method signature="LoginTest.invalidPasswordLogin()[pri:0, instance:com.codewithazam.testcases.LoginTest@3315d2d7]" name="invalidPasswordLogin" class="com.codewithazam.testcases.LoginTest"/>
        <method signature="LoginTest.validLogin()[pri:0, instance:com.codewithazam.testcases.LoginTest@3315d2d7]" name="validLogin" class="com.codewithazam.testcases.LoginTest"/>
      </group> <!-- regression -->
      <group name="smoke">
        <method signature="LoginTest.validLogin()[pri:0, instance:com.codewithazam.testcases.LoginTest@3315d2d7]" name="validLogin" class="com.codewithazam.testcases.LoginTest"/>
      </group> <!-- smoke -->
    </groups>
    <test started-at="2022-08-08T00:46:47 EDT" name="TestNGFramework" finished-at="2022-08-08T00:47:14 EDT" duration-ms="26819">
      <class name="com.codewithazam.testcases.LoginTest">
        <test-method is-config="true" signature="generateReport()[pri:0, instance:com.codewithazam.testcases.LoginTest@3315d2d7]" started-at="2022-08-08T00:46:48 EDT" name="generateReport" finished-at="2022-08-08T00:46:48 EDT" duration-ms="304" status="PASS">
          <reporter-output>
          </reporter-output>
        </test-method> <!-- generateReport -->
        <test-method is-config="true" signature="setUp()[pri:0, instance:com.codewithazam.testcases.LoginTest@3315d2d7]" started-at="2022-08-08T00:46:48 EDT" name="setUp" finished-at="2022-08-08T00:46:56 EDT" duration-ms="7794" status="PASS">
          <reporter-output>
          </reporter-output>
        </test-method> <!-- setUp -->
        <test-method signature="emptyPasswordLogin()[pri:0, instance:com.codewithazam.testcases.LoginTest@3315d2d7]" started-at="2022-08-08T00:46:56 EDT" name="emptyPasswordLogin" finished-at="2022-08-08T00:46:56 EDT" duration-ms="832" status="PASS">
          <reporter-output>
          </reporter-output>
        </test-method> <!-- emptyPasswordLogin -->
        <test-method is-config="true" signature="tearDown()[pri:0, instance:com.codewithazam.testcases.LoginTest@3315d2d7]" started-at="2022-08-08T00:46:57 EDT" name="tearDown" finished-at="2022-08-08T00:46:57 EDT" duration-ms="110" status="PASS">
          <reporter-output>
          </reporter-output>
        </test-method> <!-- tearDown -->
        <test-method is-config="true" signature="setUp()[pri:0, instance:com.codewithazam.testcases.LoginTest@3315d2d7]" started-at="2022-08-08T00:46:57 EDT" name="setUp" finished-at="2022-08-08T00:47:02 EDT" duration-ms="4847" status="PASS">
          <reporter-output>
          </reporter-output>
        </test-method> <!-- setUp -->
        <test-method signature="invalidPasswordLogin()[pri:0, instance:com.codewithazam.testcases.LoginTest@3315d2d7]" started-at="2022-08-08T00:47:02 EDT" name="invalidPasswordLogin" finished-at="2022-08-08T00:47:04 EDT" duration-ms="2238" status="PASS">
          <reporter-output>
          </reporter-output>
        </test-method> <!-- invalidPasswordLogin -->
        <test-method is-config="true" signature="tearDown()[pri:0, instance:com.codewithazam.testcases.LoginTest@3315d2d7]" started-at="2022-08-08T00:47:05 EDT" name="tearDown" finished-at="2022-08-08T00:47:05 EDT" duration-ms="111" status="PASS">
          <reporter-output>
          </reporter-output>
        </test-method> <!-- tearDown -->
        <test-method is-config="true" signature="setUp()[pri:0, instance:com.codewithazam.testcases.LoginTest@3315d2d7]" started-at="2022-08-08T00:47:05 EDT" name="setUp" finished-at="2022-08-08T00:47:10 EDT" duration-ms="4772" status="PASS">
          <reporter-output>
          </reporter-output>
        </test-method> <!-- setUp -->
        <test-method signature="validLogin()[pri:0, instance:com.codewithazam.testcases.LoginTest@3315d2d7]" started-at="2022-08-08T00:47:10 EDT" name="validLogin" finished-at="2022-08-08T00:47:12 EDT" duration-ms="2755" status="PASS">
          <reporter-output>
          </reporter-output>
        </test-method> <!-- validLogin -->
        <test-method is-config="true" signature="tearDown()[pri:0, instance:com.codewithazam.testcases.LoginTest@3315d2d7]" started-at="2022-08-08T00:47:14 EDT" name="tearDown" finished-at="2022-08-08T00:47:14 EDT" duration-ms="109" status="PASS">
          <reporter-output>
          </reporter-output>
        </test-method> <!-- tearDown -->
        <test-method is-config="true" signature="writeReport()[pri:0, instance:com.codewithazam.testcases.LoginTest@3315d2d7]" started-at="2022-08-08T00:47:14 EDT" name="writeReport" finished-at="2022-08-08T00:47:14 EDT" duration-ms="496" status="PASS">
          <reporter-output>
          </reporter-output>
        </test-method> <!-- writeReport -->
      </class> <!-- com.codewithazam.testcases.LoginTest -->
    </test> <!-- TestNGFramework -->
  </suite> <!-- Default Suite -->
</testng-results>
