<?xml version="1.0" encoding="UTF-8"?>
<testng-results ignored="0" total="3" passed="3" failed="0" skipped="0">
  <reporter-output>
  </reporter-output>
  <suite started-at="2022-08-07T20:49:28 EDT" name="Smoke Suite" finished-at="2022-08-07T20:49:53 EDT" duration-ms="25103">
    <groups>
      <group name="regression">
        <method signature="LoginTest.emptyPasswordLogin()[pri:0, instance:com.codewithazam.testcases.LoginTest@4d910fd6]" name="emptyPasswordLogin" class="com.codewithazam.testcases.LoginTest"/>
        <method signature="LoginTest.invalidPasswordLogin()[pri:0, instance:com.codewithazam.testcases.LoginTest@4d910fd6]" name="invalidPasswordLogin" class="com.codewithazam.testcases.LoginTest"/>
        <method signature="LoginTest.validLogin()[pri:0, instance:com.codewithazam.testcases.LoginTest@4d910fd6]" name="validLogin" class="com.codewithazam.testcases.LoginTest"/>
      </group> <!-- regression -->
      <group name="smoke">
        <method signature="LoginTest.validLogin()[pri:0, instance:com.codewithazam.testcases.LoginTest@4d910fd6]" name="validLogin" class="com.codewithazam.testcases.LoginTest"/>
      </group> <!-- smoke -->
    </groups>
    <test started-at="2022-08-07T20:49:28 EDT" name="Smoke Test" finished-at="2022-08-07T20:49:53 EDT" duration-ms="25103">
      <class name="com.codewithazam.testcases.LoginTest">
        <test-method is-config="true" signature="setUp()[pri:0, instance:com.codewithazam.testcases.LoginTest@4d910fd6]" started-at="2022-08-07T20:49:28 EDT" name="setUp" finished-at="2022-08-07T20:49:36 EDT" duration-ms="8320" status="PASS">
          <reporter-output>
          </reporter-output>
        </test-method> <!-- setUp -->
        <test-method signature="emptyPasswordLogin()[pri:0, instance:com.codewithazam.testcases.LoginTest@4d910fd6]" started-at="2022-08-07T20:49:36 EDT" name="emptyPasswordLogin" finished-at="2022-08-07T20:49:37 EDT" duration-ms="915" status="PASS">
          <reporter-output>
          </reporter-output>
        </test-method> <!-- emptyPasswordLogin -->
        <test-method is-config="true" signature="tearDown()[pri:0, instance:com.codewithazam.testcases.LoginTest@4d910fd6]" started-at="2022-08-07T20:49:37 EDT" name="tearDown" finished-at="2022-08-07T20:49:37 EDT" duration-ms="120" status="PASS">
          <reporter-output>
          </reporter-output>
        </test-method> <!-- tearDown -->
        <test-method is-config="true" signature="setUp()[pri:0, instance:com.codewithazam.testcases.LoginTest@4d910fd6]" started-at="2022-08-07T20:49:37 EDT" name="setUp" finished-at="2022-08-07T20:49:42 EDT" duration-ms="5208" status="PASS">
          <reporter-output>
          </reporter-output>
        </test-method> <!-- setUp -->
        <test-method signature="invalidPasswordLogin()[pri:0, instance:com.codewithazam.testcases.LoginTest@4d910fd6]" started-at="2022-08-07T20:49:42 EDT" name="invalidPasswordLogin" finished-at="2022-08-07T20:49:45 EDT" duration-ms="2310" status="PASS">
          <reporter-output>
          </reporter-output>
        </test-method> <!-- invalidPasswordLogin -->
        <test-method is-config="true" signature="tearDown()[pri:0, instance:com.codewithazam.testcases.LoginTest@4d910fd6]" started-at="2022-08-07T20:49:45 EDT" name="tearDown" finished-at="2022-08-07T20:49:45 EDT" duration-ms="113" status="PASS">
          <reporter-output>
          </reporter-output>
        </test-method> <!-- tearDown -->
        <test-method is-config="true" signature="setUp()[pri:0, instance:com.codewithazam.testcases.LoginTest@4d910fd6]" started-at="2022-08-07T20:49:45 EDT" name="setUp" finished-at="2022-08-07T20:49:50 EDT" duration-ms="5105" status="PASS">
          <reporter-output>
          </reporter-output>
        </test-method> <!-- setUp -->
        <test-method signature="validLogin()[pri:0, instance:com.codewithazam.testcases.LoginTest@4d910fd6]" started-at="2022-08-07T20:49:50 EDT" name="validLogin" finished-at="2022-08-07T20:49:53 EDT" duration-ms="2817" status="PASS">
          <reporter-output>
          </reporter-output>
        </test-method> <!-- validLogin -->
        <test-method is-config="true" signature="tearDown()[pri:0, instance:com.codewithazam.testcases.LoginTest@4d910fd6]" started-at="2022-08-07T20:49:53 EDT" name="tearDown" finished-at="2022-08-07T20:49:53 EDT" duration-ms="116" status="PASS">
          <reporter-output>
          </reporter-output>
        </test-method> <!-- tearDown -->
      </class> <!-- com.codewithazam.testcases.LoginTest -->
    </test> <!-- Smoke Test -->
  </suite> <!-- Smoke Suite -->
</testng-results>
